============================= test session starts =============================
platform win32 -- Python 3.14.2, pytest-9.0.2, pluggy-1.6.0
rootdir: C:\Users\����ȣ\Desktop\Vibe coding\shorts-maker-v2
configfile: pytest.ini
plugins: anyio-4.12.1, langsmith-0.6.9, asyncio-1.3.0, cov-7.0.0
asyncio: mode=Mode.STRICT, debug=False, asyncio_default_fixture_loop_scope=None, asyncio_default_test_loop_scope=function
collected 10 items

tests\unit\test_edge_tts_retry.py F                                      [ 10%]
tests\unit\test_edge_tts_timing.py .........                             [100%]

================================== FAILURES ===================================
__________________ test_generate_tts_retries_after_no_audio ___________________

monkeypatch = <_pytest.monkeypatch.MonkeyPatch object at 0x00000225E951F100>
tmp_path = WindowsPath('C:/Users/����ȣ/AppData/Local/Temp/pytest-of-����ȣ/pytest-675/test_generate_tts_retries_afte0')

    def test_generate_tts_retries_after_no_audio(monkeypatch, tmp_path: Path) -> None:
        audio = tmp_path / "retry.mp3"
        words = tmp_path / "retry_words.json"
        calls = {"count": 0}
    
        async def fake_generate_with_timing(text, voice, rate, output_path, words_json_path):  # noqa: ANN001
            calls["count"] += 1
            if calls["count"] == 1:
                raise RuntimeError("No audio was received. Please verify that your parameters are correct.")
            output_path.write_bytes(b"audio")
            words_json_path.write_text(json.dumps([{"word": "GPT", "start": 0.0, "end": 0.4}]), encoding="utf-8")
            (words_json_path.parent / f"{words_json_path.stem}_ssml.txt").write_text(text, encoding="utf-8")
    
        monkeypatch.setattr(
            "shorts_maker_v2.providers.edge_tts_client._generate_async_with_timing",
            fake_generate_with_timing,
        )
    
>       result = EdgeTTSClient().generate_tts(
            model="tts-1",
            voice="ko-KR-SoonBokNeural",
            speed=1.0,
            text="GPT�� �ٽ� �����ƽ��ϴ�",
            output_path=audio,
            words_json_path=words,
            role="body",
        )

tests\unit\test_edge_tts_retry.py:27: 
_ _ _ _ _ _ _ _ _ _ _ _ _ _ _ _ _ _ _ _ _ _ _ _ _ _ _ _ _ _ _ _ _ _ _ _ _ _ _ _
src\shorts_maker_v2\providers\edge_tts_client.py:353: in generate_tts
    raise last_exc
src\shorts_maker_v2\providers\edge_tts_client.py:332: in generate_tts
    _run_coroutine(_make_coro)
src\shorts_maker_v2\providers\edge_tts_client.py:253: in _run_coroutine
    asyncio.run(coro_factory())
                ^^^^^^^^^^^^^^
_ _ _ _ _ _ _ _ _ _ _ _ _ _ _ _ _ _ _ _ _ _ _ _ _ _ _ _ _ _ _ _ _ _ _ _ _ _ _ _

    def _make_coro():
        if words_json_path is not None:
>           return _generate_async_with_timing(
                text,
                attempt_voice,
                attempt_rate,
                attempt_pitch,
                output_path,
                words_json_path,
            )
E           TypeError: test_generate_tts_retries_after_no_audio.<locals>.fake_generate_with_timing() takes 5 positional arguments but 6 were given

src\shorts_maker_v2\providers\edge_tts_client.py:321: TypeError
------------------------------ Captured log call ------------------------------
WARNING  shorts_maker_v2.providers.edge_tts_client:edge_tts_client.py:339 EdgeTTS retryable failure (1/2): voice=ko-KR-SoonBokNeural mode=primary error=test_generate_tts_retries_after_no_audio.<locals>.fake_generate_with_timing() takes 5 positional arguments but 6 were given
WARNING  shorts_maker_v2.providers.edge_tts_client:edge_tts_client.py:339 EdgeTTS retryable failure (2/2): voice=ko-KR-SunHiNeural mode=default_voice error=test_generate_tts_retries_after_no_audio.<locals>.fake_generate_with_timing() takes 5 positional arguments but 6 were given
============================== warnings summary ===============================
..\..\..\AppData\Local\Python\pythoncore-3.14-64\Lib\site-packages\google\genai\types.py:43
  C:\Users\����ȣ\AppData\Local\Python\pythoncore-3.14-64\Lib\site-packages\google\genai\types.py:43: DeprecationWarning: '_UnionGenericAlias' is deprecated and slated for removal in Python 3.17
    VersionedUnionType = Union[builtin_types.UnionType, _UnionGenericAlias]

..\..\..\AppData\Local\Python\pythoncore-3.14-64\Lib\site-packages\openai\_compat.py:48
  C:\Users\����ȣ\AppData\Local\Python\pythoncore-3.14-64\Lib\site-packages\openai\_compat.py:48: UserWarning: Core Pydantic V1 functionality isn't compatible with Python 3.14 or greater.
    from pydantic.v1.typing import (

-- Docs: https://docs.pytest.org/en/stable/how-to/capture-warnings.html
=========================== short test summary info ===========================
FAILED tests/unit/test_edge_tts_retry.py::test_generate_tts_retries_after_no_audio
=================== 1 failed, 9 passed, 2 warnings in 1.76s ===================
