============================= test session starts =============================
platform win32 -- Python 3.14.2, pytest-9.0.2, pluggy-1.6.0
rootdir: C:\Users\����ȣ\Desktop\Vibe coding\shorts-maker-v2
configfile: pytest.ini
plugins: anyio-4.12.1, langsmith-0.6.9, asyncio-1.3.0, cov-7.0.0
asyncio: mode=Mode.STRICT, debug=False, asyncio_default_fixture_loop_scope=None, asyncio_default_test_loop_scope=function
collected 539 items / 1 error

=================================== ERRORS ====================================
_____________ ERROR collecting tests/unit/test_phase4_features.py _____________
ImportError while importing test module 'C:\Users\����ȣ\Desktop\Vibe coding\shorts-maker-v2\tests\unit\test_phase4_features.py'.
Hint: make sure your test modules/packages have valid Python names.
Traceback:
..\..\..\AppData\Local\Python\pythoncore-3.14-64\Lib\importlib\__init__.py:88: in import_module
    return _bootstrap._gcd_import(name[level:], package, level)
           ^^^^^^^^^^^^^^^^^^^^^^^^^^^^^^^^^^^^^^^^^^^^^^^^^^^^
tests\unit\test_phase4_features.py:8: in <module>
    from shorts_maker_v2.providers.edge_tts_client import _apply_ssml_by_role
E   ImportError: cannot import name '_apply_ssml_by_role' from 'shorts_maker_v2.providers.edge_tts_client' (C:\Users\����ȣ\Desktop\Vibe coding\shorts-maker-v2\src\shorts_maker_v2\providers\edge_tts_client.py)
============================== warnings summary ===============================
..\..\..\AppData\Local\Python\pythoncore-3.14-64\Lib\site-packages\openai\_compat.py:48
  C:\Users\����ȣ\AppData\Local\Python\pythoncore-3.14-64\Lib\site-packages\openai\_compat.py:48: UserWarning: Core Pydantic V1 functionality isn't compatible with Python 3.14 or greater.
    from pydantic.v1.typing import (

..\..\..\AppData\Local\Python\pythoncore-3.14-64\Lib\site-packages\google\genai\types.py:43
  C:\Users\����ȣ\AppData\Local\Python\pythoncore-3.14-64\Lib\site-packages\google\genai\types.py:43: DeprecationWarning: '_UnionGenericAlias' is deprecated and slated for removal in Python 3.17
    VersionedUnionType = Union[builtin_types.UnionType, _UnionGenericAlias]

-- Docs: https://docs.pytest.org/en/stable/how-to/capture-warnings.html
=========================== short test summary info ===========================
ERROR tests/unit/test_phase4_features.py
!!!!!!!!!!!!!!!!!!! Interrupted: 1 error during collection !!!!!!!!!!!!!!!!!!!!
======================== 2 warnings, 1 error in 2.78s =========================
