<?xml version="1.0" encoding="utf-8"?><testsuites name="pytest tests"><testsuite name="pytest" errors="0" failures="4" skipped="0" tests="16" time="5.312" timestamp="2026-03-08T21:53:58.421768+09:00" hostname="JooParkCom"><testcase classname="tests_unit.test_notion_accuracy" name="test_canonicalize_url_rules" time="0.206" /><testcase classname="tests_unit.test_notion_accuracy" name="test_auto_detect_schema_with_status_type" time="0.084" /><testcase classname="tests_unit.test_notion_accuracy" name="test_env_override_has_priority" time="0.082" /><testcase classname="tests_unit.test_notion_accuracy" name="test_exact_duplicate_check_uses_equals" time="0.089"><failure message="assert False is True">monkeypatch = &lt;_pytest.monkeypatch.MonkeyPatch object at 0x00000211BFFC9A30&gt;

    def test_exact_duplicate_check_uses_equals(monkeypatch):
        schema = {
            "콘텐츠": {"type": "title"},
            "메모": {"type": "rich_text"},
            "상태": {"type": "status"},
            "생성일": {"type": "date"},
            "이미지 필요": {"type": "checkbox"},
            "트윗 본문": {"type": "rich_text"},
            "원본 URL": {"type": "url"},
        }
        # query_collection은 httpx를 직접 사용하므로 메서드 자체를 mock
        factory, _holder = make_async_client(schema)
        monkeypatch.setattr(notion_mod, "AsyncClient", factory)
    
        uploader = bs.NotionUploader(build_default_config())
    
        # 캐시 빌드용 query_collection mock: URL이 포함된 페이지 반환
        async def _mock_query(**_kwargs):
            return {"results": [{"properties": {"원본 URL": {"url": "https://example.com/a"}}}]}
    
        monkeypatch.setattr(uploader, "query_collection", _mock_query)
    
        is_dup = asyncio.run(uploader.is_duplicate("http://example.com/a/?utm_source=x"))
&gt;       assert is_dup is True
E       assert False is True

tests_unit\test_notion_accuracy.py:174: AssertionError</failure></testcase><testcase classname="tests_unit.test_notion_accuracy" name="test_schema_missing_url_property_returns_error" time="0.070" /><testcase classname="tests_unit.test_notion_accuracy" name="test_upload_payload_supports_status_and_select[status]" time="0.072" /><testcase classname="tests_unit.test_notion_accuracy" name="test_upload_payload_supports_status_and_select[select]" time="0.078" /><testcase classname="tests_unit.test_notion_accuracy" name="test_duplicate_query_error_returns_none_and_error_code" time="0.085"><failure message="assert False is None">monkeypatch = &lt;_pytest.monkeypatch.MonkeyPatch object at 0x00000211C2FCF350&gt;

    def test_duplicate_query_error_returns_none_and_error_code(monkeypatch):
        schema = {
            "Name": {"type": "title"},
            "Summary": {"type": "rich_text"},
            "Status": {"type": "status"},
            "Created": {"type": "date"},
            "Image Required": {"type": "checkbox"},
            "Draft": {"type": "rich_text"},
            "Source URL": {"type": "url"},
        }
        factory, _holder = make_async_client(schema)
        monkeypatch.setattr(notion_mod, "AsyncClient", factory)
    
        uploader = bs.NotionUploader(build_default_config())
    
        # query_collection은 httpx를 직접 사용하므로 메서드 자체를 mock
        async def _raise_query(**_kwargs):
            raise RuntimeError("query failed")
    
        monkeypatch.setattr(uploader, "query_collection", _raise_query)
        is_dup = asyncio.run(uploader.is_duplicate("https://example.com/a"))
&gt;       assert is_dup is None
E       assert False is None

tests_unit\test_notion_accuracy.py:278: AssertionError</failure></testcase><testcase classname="tests_unit.test_notion_connection_modes" name="test_normalize_notion_id_from_url" time="0.085" /><testcase classname="tests_unit.test_notion_connection_modes" name="test_ensure_schema_falls_back_to_data_source" time="0.086" /><testcase classname="tests_unit.test_notion_connection_modes" name="test_duplicate_check_uses_data_source_query" time="0.087"><failure message="assert False is True">monkeypatch = &lt;_pytest.monkeypatch.MonkeyPatch object at 0x00000211C3122A80&gt;

    def test_duplicate_check_uses_data_source_query(monkeypatch):
        holder = {"query_kwargs": None}
        schema = {
            "Name": {"type": "title"},
            "Summary": {"type": "rich_text"},
            "Status": {"type": "status"},
            "Created": {"type": "date"},
            "Image Required": {"type": "checkbox"},
            "Draft": {"type": "rich_text"},
            "Source URL": {"type": "url"},
        }
    
        class DummyDatabases:
            async def retrieve(self, database_id):  # noqa: ARG002
                raise RuntimeError("Could not find database with ID")
    
        class DummyDataSources:
            async def retrieve(self, data_source_id):  # noqa: ARG002
                return {"id": "ds-id", "object": "data_source", "properties": schema}
    
        class DummyPages:
            async def create(self, **kwargs):  # noqa: ARG002
                return {"url": "https://notion.so/page"}
    
        class DummyClient:
            def __init__(self):
                self.databases = DummyDatabases()
                self.data_sources = DummyDataSources()
                self.pages = DummyPages()
    
            async def search(self, **kwargs):  # noqa: ARG002
                return {"results": []}
    
        monkeypatch.setattr(notion_mod, "AsyncClient", lambda auth=None: DummyClient())  # noqa: ARG005
    
        uploader = bs.NotionUploader(_build_config())
    
        # query_collection은 httpx를 직접 사용하므로 메서드 자체를 mock
        async def _mock_query(**kwargs):
            holder["query_kwargs"] = kwargs
            return {"results": [{"id": "dup", "properties": {"Source URL": {"url": "https://example.com/a"}}}]}
    
        monkeypatch.setattr(uploader, "query_collection", _mock_query)
    
        dup = asyncio.run(uploader.is_duplicate("https://example.com/a?utm_source=x"))
&gt;       assert dup is True
E       assert False is True

tests_unit\test_notion_connection_modes.py:143: AssertionError</failure></testcase><testcase classname="tests_unit.test_scrape_failure_classification" name="test_process_single_post_parse_failure_classified" time="0.077" /><testcase classname="tests_unit.test_scrape_failure_classification" name="test_process_single_post_low_quality_filtered" time="0.087" /><testcase classname="tests_unit.test_scrape_failure_classification" name="test_short_filter_regression_still_works" time="0.090" /><testcase classname="tests_unit.test_scrape_failure_classification" name="test_spam_filter_regression_still_works" time="0.128"><failure message="assert False is True">def test_spam_filter_regression_still_works():
        result = asyncio.run(
            bs.process_single_post(
                "https://example.com/a",
                SpamContentScraper(),
                StubImageUploader(),
                draft_generator=StubDraftGenerator(),
                notion_uploader=StubNotionUploaderNoCall(),
            )
        )
&gt;       assert result["success"] is True
E       assert False is True

tests_unit\test_scrape_failure_classification.py:162: AssertionError</failure></testcase><testcase classname="tests_unit.test_scrape_failure_classification" name="test_feed_fetch_intercept_failure_falls_back_to_direct" time="2.103" /></testsuite></testsuites>